<?xml version="1.0" encoding="UTF-8"?>
<robot generator="Robot 7.0.1 (Python 3.12.4 on win32)" generated="2024-06-15T18:17:52.876309" rpa="false" schemaversion="5">
<suite id="s1" name="Last" source="C:\Users\mosia\OneDrive\Documentos\pha2024\last.robot">
<test id="s1-t1" name="Executar Todos os Exercícios" line="6">
<kw name="Exibir Informacoes Cliente">
<kw name="Log To Console" owner="BuiltIn">
<arg>Dados do Cliente:</arg>
<doc>Logs the given message to the console.</doc>
<status status="PASS" start="2024-06-15T18:17:52.939918" elapsed="0.000998"/>
</kw>
<kw name="Log To Console" owner="BuiltIn">
<arg>Nome: ${CLIENTE01['nome']}</arg>
<doc>Logs the given message to the console.</doc>
<status status="PASS" start="2024-06-15T18:17:52.940916" elapsed="0.001000"/>
</kw>
<kw name="Log To Console" owner="BuiltIn">
<arg>Idade: ${CLIENTE01['idade']}</arg>
<doc>Logs the given message to the console.</doc>
<status status="PASS" start="2024-06-15T18:17:52.941916" elapsed="0.001002"/>
</kw>
<kw name="Log To Console" owner="BuiltIn">
<arg>Rua: ${CLIENTE01['rua']}</arg>
<doc>Logs the given message to the console.</doc>
<status status="PASS" start="2024-06-15T18:17:52.942918" elapsed="0.001000"/>
</kw>
<kw name="Log To Console" owner="BuiltIn">
<arg>Número: ${CLIENTE01['numero']}</arg>
<doc>Logs the given message to the console.</doc>
<status status="PASS" start="2024-06-15T18:17:52.943918" elapsed="0.001191"/>
</kw>
<kw name="Log To Console" owner="BuiltIn">
<arg>CEP: ${CLIENTE01['cep']}</arg>
<doc>Logs the given message to the console.</doc>
<status status="PASS" start="2024-06-15T18:17:52.945109" elapsed="0.000995"/>
</kw>
<kw name="Log To Console" owner="BuiltIn">
<arg>Bairro: ${CLIENTE01['bairro']}</arg>
<doc>Logs the given message to the console.</doc>
<status status="PASS" start="2024-06-15T18:17:52.947104" elapsed="0.001000"/>
</kw>
<kw name="Log To Console" owner="BuiltIn">
<arg>Cidade: ${CLIENTE01['cidade']}</arg>
<doc>Logs the given message to the console.</doc>
<status status="PASS" start="2024-06-15T18:17:52.948104" elapsed="0.002007"/>
</kw>
<kw name="Log To Console" owner="BuiltIn">
<arg>Estado: ${CLIENTE01['estado']}</arg>
<doc>Logs the given message to the console.</doc>
<status status="PASS" start="2024-06-15T18:17:52.951108" elapsed="0.002001"/>
</kw>
<status status="PASS" start="2024-06-15T18:17:52.939918" elapsed="0.013191"/>
</kw>
<kw name="Exibir Frutas">
<kw name="Log To Console" owner="BuiltIn">
<arg>Lista de Frutas:</arg>
<doc>Logs the given message to the console.</doc>
<status status="PASS" start="2024-06-15T18:17:52.955109" elapsed="0.000000"/>
</kw>
<for flavor="IN">
<iter>
<kw name="Log To Console" owner="BuiltIn">
<arg>${fruta}</arg>
<doc>Logs the given message to the console.</doc>
<status status="PASS" start="2024-06-15T18:17:52.956107" elapsed="0.000000"/>
</kw>
<var name="${fruta}">Apple</var>
<status status="PASS" start="2024-06-15T18:17:52.956107" elapsed="0.000000"/>
</iter>
<iter>
<kw name="Log To Console" owner="BuiltIn">
<arg>${fruta}</arg>
<doc>Logs the given message to the console.</doc>
<status status="PASS" start="2024-06-15T18:17:52.956107" elapsed="0.000998"/>
</kw>
<var name="${fruta}">Banana</var>
<status status="PASS" start="2024-06-15T18:17:52.956107" elapsed="0.000998"/>
</iter>
<iter>
<kw name="Log To Console" owner="BuiltIn">
<arg>${fruta}</arg>
<doc>Logs the given message to the console.</doc>
<status status="PASS" start="2024-06-15T18:17:52.957105" elapsed="0.000000"/>
</kw>
<var name="${fruta}">Orange</var>
<status status="PASS" start="2024-06-15T18:17:52.957105" elapsed="0.000000"/>
</iter>
<iter>
<kw name="Log To Console" owner="BuiltIn">
<arg>${fruta}</arg>
<doc>Logs the given message to the console.</doc>
<status status="PASS" start="2024-06-15T18:17:52.957105" elapsed="0.001000"/>
</kw>
<var name="${fruta}">Grape</var>
<status status="PASS" start="2024-06-15T18:17:52.957105" elapsed="0.001000"/>
</iter>
<iter>
<kw name="Log To Console" owner="BuiltIn">
<arg>${fruta}</arg>
<doc>Logs the given message to the console.</doc>
<status status="PASS" start="2024-06-15T18:17:52.958105" elapsed="0.001004"/>
</kw>
<var name="${fruta}">Mango</var>
<status status="PASS" start="2024-06-15T18:17:52.958105" elapsed="0.001004"/>
</iter>
<var>${fruta}</var>
<value>@{FRUTAS}</value>
<status status="PASS" start="2024-06-15T18:17:52.955109" elapsed="0.004000"/>
</for>
<status status="PASS" start="2024-06-15T18:17:52.954110" elapsed="0.004999"/>
</kw>
<kw name="Contar Numeros Pares">
<kw name="Log To Console" owner="BuiltIn">
<arg>Contando números pares entre 0 e 10:</arg>
<doc>Logs the given message to the console.</doc>
<status status="PASS" start="2024-06-15T18:17:52.960624" elapsed="0.000000"/>
</kw>
<kw name="Set Variable" owner="BuiltIn">
<msg time="2024-06-15T18:17:52.961626" level="INFO">${contador} = 0</msg>
<var>${contador}</var>
<arg>0</arg>
<doc>Returns the given values which can then be assigned to a variables.</doc>
<status status="PASS" start="2024-06-15T18:17:52.961626" elapsed="0.000000"/>
</kw>
<for flavor="IN RANGE">
<iter>
<kw name="Run Keyword If" owner="BuiltIn">
<kw name="Set Variable" owner="BuiltIn">
<arg>${contador}</arg>
<arg>${contador} + 1</arg>
<doc>Returns the given values which can then be assigned to a variables.</doc>
<status status="PASS" start="2024-06-15T18:17:52.962628" elapsed="0.000000"/>
</kw>
<arg>${i} % 2 == 0</arg>
<arg>Set Variable</arg>
<arg>${contador}</arg>
<arg>${contador} + 1</arg>
<doc>Runs the given keyword with the given arguments, if ``condition`` is true.</doc>
<status status="PASS" start="2024-06-15T18:17:52.961626" elapsed="0.001002"/>
</kw>
<var name="${i}">0</var>
<status status="PASS" start="2024-06-15T18:17:52.961626" elapsed="0.001002"/>
</iter>
<iter>
<kw name="Run Keyword If" owner="BuiltIn">
<arg>${i} % 2 == 0</arg>
<arg>Set Variable</arg>
<arg>${contador}</arg>
<arg>${contador} + 1</arg>
<doc>Runs the given keyword with the given arguments, if ``condition`` is true.</doc>
<status status="PASS" start="2024-06-15T18:17:52.962628" elapsed="0.001002"/>
</kw>
<var name="${i}">1</var>
<status status="PASS" start="2024-06-15T18:17:52.962628" elapsed="0.001002"/>
</iter>
<iter>
<kw name="Run Keyword If" owner="BuiltIn">
<kw name="Set Variable" owner="BuiltIn">
<arg>${contador}</arg>
<arg>${contador} + 1</arg>
<doc>Returns the given values which can then be assigned to a variables.</doc>
<status status="PASS" start="2024-06-15T18:17:52.964626" elapsed="0.000000"/>
</kw>
<arg>${i} % 2 == 0</arg>
<arg>Set Variable</arg>
<arg>${contador}</arg>
<arg>${contador} + 1</arg>
<doc>Runs the given keyword with the given arguments, if ``condition`` is true.</doc>
<status status="PASS" start="2024-06-15T18:17:52.963630" elapsed="0.001995"/>
</kw>
<var name="${i}">2</var>
<status status="PASS" start="2024-06-15T18:17:52.963630" elapsed="0.001995"/>
</iter>
<iter>
<kw name="Run Keyword If" owner="BuiltIn">
<arg>${i} % 2 == 0</arg>
<arg>Set Variable</arg>
<arg>${contador}</arg>
<arg>${contador} + 1</arg>
<doc>Runs the given keyword with the given arguments, if ``condition`` is true.</doc>
<status status="PASS" start="2024-06-15T18:17:52.965625" elapsed="0.000000"/>
</kw>
<var name="${i}">3</var>
<status status="PASS" start="2024-06-15T18:17:52.965625" elapsed="0.000000"/>
</iter>
<iter>
<kw name="Run Keyword If" owner="BuiltIn">
<kw name="Set Variable" owner="BuiltIn">
<arg>${contador}</arg>
<arg>${contador} + 1</arg>
<doc>Returns the given values which can then be assigned to a variables.</doc>
<status status="PASS" start="2024-06-15T18:17:52.967626" elapsed="0.001000"/>
</kw>
<arg>${i} % 2 == 0</arg>
<arg>Set Variable</arg>
<arg>${contador}</arg>
<arg>${contador} + 1</arg>
<doc>Runs the given keyword with the given arguments, if ``condition`` is true.</doc>
<status status="PASS" start="2024-06-15T18:17:52.966627" elapsed="0.001999"/>
</kw>
<var name="${i}">4</var>
<status status="PASS" start="2024-06-15T18:17:52.966627" elapsed="0.001999"/>
</iter>
<iter>
<kw name="Run Keyword If" owner="BuiltIn">
<arg>${i} % 2 == 0</arg>
<arg>Set Variable</arg>
<arg>${contador}</arg>
<arg>${contador} + 1</arg>
<doc>Runs the given keyword with the given arguments, if ``condition`` is true.</doc>
<status status="PASS" start="2024-06-15T18:17:52.969629" elapsed="0.000000"/>
</kw>
<var name="${i}">5</var>
<status status="PASS" start="2024-06-15T18:17:52.968626" elapsed="0.001003"/>
</iter>
<iter>
<kw name="Run Keyword If" owner="BuiltIn">
<kw name="Set Variable" owner="BuiltIn">
<arg>${contador}</arg>
<arg>${contador} + 1</arg>
<doc>Returns the given values which can then be assigned to a variables.</doc>
<status status="PASS" start="2024-06-15T18:17:52.970625" elapsed="0.001000"/>
</kw>
<arg>${i} % 2 == 0</arg>
<arg>Set Variable</arg>
<arg>${contador}</arg>
<arg>${contador} + 1</arg>
<doc>Runs the given keyword with the given arguments, if ``condition`` is true.</doc>
<status status="PASS" start="2024-06-15T18:17:52.970625" elapsed="0.001000"/>
</kw>
<var name="${i}">6</var>
<status status="PASS" start="2024-06-15T18:17:52.970625" elapsed="0.001000"/>
</iter>
<iter>
<kw name="Run Keyword If" owner="BuiltIn">
<arg>${i} % 2 == 0</arg>
<arg>Set Variable</arg>
<arg>${contador}</arg>
<arg>${contador} + 1</arg>
<doc>Runs the given keyword with the given arguments, if ``condition`` is true.</doc>
<status status="PASS" start="2024-06-15T18:17:52.971625" elapsed="0.000000"/>
</kw>
<var name="${i}">7</var>
<status status="PASS" start="2024-06-15T18:17:52.971625" elapsed="0.000000"/>
</iter>
<iter>
<kw name="Run Keyword If" owner="BuiltIn">
<kw name="Set Variable" owner="BuiltIn">
<arg>${contador}</arg>
<arg>${contador} + 1</arg>
<doc>Returns the given values which can then be assigned to a variables.</doc>
<status status="PASS" start="2024-06-15T18:17:52.972625" elapsed="0.000000"/>
</kw>
<arg>${i} % 2 == 0</arg>
<arg>Set Variable</arg>
<arg>${contador}</arg>
<arg>${contador} + 1</arg>
<doc>Runs the given keyword with the given arguments, if ``condition`` is true.</doc>
<status status="PASS" start="2024-06-15T18:17:52.972625" elapsed="0.000000"/>
</kw>
<var name="${i}">8</var>
<status status="PASS" start="2024-06-15T18:17:52.971625" elapsed="0.001000"/>
</iter>
<iter>
<kw name="Run Keyword If" owner="BuiltIn">
<arg>${i} % 2 == 0</arg>
<arg>Set Variable</arg>
<arg>${contador}</arg>
<arg>${contador} + 1</arg>
<doc>Runs the given keyword with the given arguments, if ``condition`` is true.</doc>
<status status="PASS" start="2024-06-15T18:17:52.973628" elapsed="0.000000"/>
</kw>
<var name="${i}">9</var>
<status status="PASS" start="2024-06-15T18:17:52.972625" elapsed="0.001003"/>
</iter>
<var>${i}</var>
<value>0</value>
<value>10</value>
<status status="PASS" start="2024-06-15T18:17:52.961626" elapsed="0.012002"/>
</for>
<kw name="Log To Console" owner="BuiltIn">
<arg>Quantidade de números pares: ${contador}</arg>
<doc>Logs the given message to the console.</doc>
<status status="PASS" start="2024-06-15T18:17:52.973628" elapsed="0.000997"/>
</kw>
<status status="PASS" start="2024-06-15T18:17:52.959109" elapsed="0.016517"/>
</kw>
<kw name="Testar Alteracao de Senha">
<kw name="Set Variable" owner="BuiltIn">
<msg time="2024-06-15T18:17:52.976626" level="INFO">${nova_senha} = nova_senha_987</msg>
<var>${nova_senha}</var>
<arg>nova_senha_987</arg>
<doc>Returns the given values which can then be assigned to a variables.</doc>
<status status="PASS" start="2024-06-15T18:17:52.976626" elapsed="0.000000"/>
</kw>
<kw name="Log To Console" owner="BuiltIn">
<arg>Alterando senha para: ${nova_senha}</arg>
<doc>Logs the given message to the console.</doc>
<status status="PASS" start="2024-06-15T18:17:52.977628" elapsed="0.000000"/>
</kw>
<kw name="Set Test Variable" owner="BuiltIn">
<msg time="2024-06-15T18:17:52.978628" level="INFO">&amp;{CREDENCIAIS} = { senha=nova_senha_987 }</msg>
<arg>&amp;{CREDENCIAIS}</arg>
<arg>senha=${nova_senha}</arg>
<doc>Makes a variable available everywhere within the scope of the current test.</doc>
<status status="PASS" start="2024-06-15T18:17:52.977628" elapsed="0.001000"/>
</kw>
<kw name="Log To Console" owner="BuiltIn">
<arg>Credenciais após alteração da senha: ${CREDENCIAIS}</arg>
<doc>Logs the given message to the console.</doc>
<status status="PASS" start="2024-06-15T18:17:52.978628" elapsed="0.000999"/>
</kw>
<status status="PASS" start="2024-06-15T18:17:52.975626" elapsed="0.004001"/>
</kw>
<status status="PASS" start="2024-06-15T18:17:52.938916" elapsed="0.040711"/>
</test>
<doc>Exercícios Combinados</doc>
<status status="PASS" start="2024-06-15T18:17:52.879309" elapsed="0.101319"/>
</suite>
<statistics>
<total>
<stat pass="1" fail="0" skip="0">All Tests</stat>
</total>
<tag>
</tag>
<suite>
<stat pass="1" fail="0" skip="0" id="s1" name="Last">Last</stat>
</suite>
</statistics>
<errors>
</errors>
</robot>
